<?xml version="1.0" encoding="UTF-8"?>
<!-- Generated by org.testng.reporters.JUnitReportReporter -->
<testsuite hostname="SHAIKIDRUSBASHA" failures="0" tests="3" name="com.Amokart.kidsproducts.test.Kidsproducttest8" time="0.019" errors="0" timestamp="2024-08-08T21:36:23 IST" skipped="0">
  <testcase classname="com.Amokart.kidsproducts.test.Kidsproducttest8" name="deleteproduct" time="0.002">
    <system-out>
      <![CDATA[deleteproduct---kids PRD successfully]]>
    </system-out>
  </testcase> <!-- deleteproduct -->
  <testcase classname="com.Amokart.kidsproducts.test.Kidsproducttest8" name="addproduct" time="0.016">
    <system-out>
      <![CDATA[Addproduct kids--successfully]]>
    </system-out>
  </testcase> <!-- addproduct -->
  <testcase classname="com.Amokart.kidsproducts.test.Kidsproducttest8" name="updateproduct" time="0.001">
    <system-out>
      <![CDATA[update--kids product successfully]]>
    </system-out>
  </testcase> <!-- updateproduct -->
  <system-out>
    <![CDATA[Addproduct kids--successfully
deleteproduct---kids PRD successfully
update--kids product successfully]]>
  </system-out>
</testsuite> <!-- com.Amokart.kidsproducts.test.Kidsproducttest8 -->
