<?xml version="1.0" encoding="UTF-8"?>
<!-- Generated by org.testng.reporters.JUnitReportReporter -->
<testsuite hostname="SHAIKIDRUSBASHA" failures="0" tests="4" name="com.Amokart.kidsproducts.test.Kidsproducttest1" time="0.020" errors="0" timestamp="2024-08-08T21:36:05 IST" skipped="1">
  <testcase classname="com.Amokart.kidsproducts.test.Kidsproducttest1" name="addproduct" time="0.014">
    <system-out>
      <![CDATA[Addproduct kids product 1 --successfully]]>
    </system-out>
  </testcase> <!-- addproduct -->
  <testcase classname="com.Amokart.kidsproducts.test.Kidsproducttest1" name="addproduct" time="0.002">
    <system-out>
      <![CDATA[Addproduct kids product 1 --successfully]]>
    </system-out>
  </testcase> <!-- addproduct -->
  <testcase classname="com.Amokart.kidsproducts.test.Kidsproducttest1" name="updateproduct" time="0.004">
    <system-out>
      <![CDATA[update--kids product 1 successfully]]>
    </system-out>
  </testcase> <!-- updateproduct -->
  <testcase classname="com.Amokart.kidsproducts.test.Kidsproducttest1" name="deleteproduct">
    <skipped/>
  </testcase> <!-- deleteproduct -->
  <system-out>
    <![CDATA[Addproduct kids product 1 --successfully
Addproduct kids product 1 --successfully
update--kids product 1 successfully]]>
  </system-out>
</testsuite> <!-- com.Amokart.kidsproducts.test.Kidsproducttest1 -->
